{"op_code":0,"worker_id":"7065e1f2-cb3b-4fe0-89ea-1284b834fc1d-140247784907392","study_name":"otama_shoreline_optimization","directions":[1]}
{"op_code":0,"worker_id":"da5c93ca-b0e5-4188-8b79-f24c492bf69b-140247784907392","study_name":"otama_shoreline_optimization","directions":[1]}
{"op_code":0,"worker_id":"5aa8a841-7864-4ecc-9e90-d22414bbf41c-140247784907392","study_name":"otama_shoreline_optimization","directions":[1]}
{"op_code":4,"worker_id":"7065e1f2-cb3b-4fe0-89ea-1284b834fc1d-140247784907392","study_id":0,"datetime_start":"2025-10-16T16:33:28.538989"}
{"op_code":0,"worker_id":"7491227d-42b1-4412-8f01-9a738e644a12-140247784907392","study_name":"otama_shoreline_optimization","directions":[1]}
{"op_code":4,"worker_id":"da5c93ca-b0e5-4188-8b79-f24c492bf69b-140247784907392","study_id":0,"datetime_start":"2025-10-16T16:33:28.542129"}
{"op_code":4,"worker_id":"5aa8a841-7864-4ecc-9e90-d22414bbf41c-140247784907392","study_id":0,"datetime_start":"2025-10-16T16:33:28.546646"}
{"op_code":5,"worker_id":"7065e1f2-cb3b-4fe0-89ea-1284b834fc1d-140247784907392","trial_id":0,"param_name":"num_filters","param_value_internal":34.0,"distribution":"{\"name\": \"IntDistribution\", \"attributes\": {\"log\": false, \"step\": 1, \"low\": 16, \"high\": 64}}"}
{"op_code":5,"worker_id":"7065e1f2-cb3b-4fe0-89ea-1284b834fc1d-140247784907392","trial_id":0,"param_name":"kernel_size","param_value_internal":7.0,"distribution":"{\"name\": \"IntDistribution\", \"attributes\": {\"log\": false, \"step\": 1, \"low\": 3, \"high\": 7}}"}
{"op_code":5,"worker_id":"7065e1f2-cb3b-4fe0-89ea-1284b834fc1d-140247784907392","trial_id":0,"param_name":"dropout","param_value_internal":0.39279757672456206,"distribution":"{\"name\": \"FloatDistribution\", \"attributes\": {\"step\": null, \"low\": 0.1, \"high\": 0.5, \"log\": false}}"}
{"op_code":4,"worker_id":"7491227d-42b1-4412-8f01-9a738e644a12-140247784907392","study_id":0,"datetime_start":"2025-10-16T16:33:28.556845"}
{"op_code":5,"worker_id":"5aa8a841-7864-4ecc-9e90-d22414bbf41c-140247784907392","trial_id":2,"param_name":"num_filters","param_value_internal":34.0,"distribution":"{\"name\": \"IntDistribution\", \"attributes\": {\"log\": false, \"step\": 1, \"low\": 16, \"high\": 64}}"}
{"op_code":5,"worker_id":"5aa8a841-7864-4ecc-9e90-d22414bbf41c-140247784907392","trial_id":2,"param_name":"kernel_size","param_value_internal":7.0,"distribution":"{\"name\": \"IntDistribution\", \"attributes\": {\"log\": false, \"step\": 1, \"low\": 3, \"high\": 7}}"}
{"op_code":5,"worker_id":"7065e1f2-cb3b-4fe0-89ea-1284b834fc1d-140247784907392","trial_id":0,"param_name":"learning_rate","param_value_internal":0.0006251373574521745,"distribution":"{\"name\": \"FloatDistribution\", \"attributes\": {\"step\": null, \"low\": 1e-05, \"high\": 0.01, \"log\": true}}"}
{"op_code":5,"worker_id":"7065e1f2-cb3b-4fe0-89ea-1284b834fc1d-140247784907392","trial_id":0,"param_name":"batch_size","param_value_internal":0,"distribution":"{\"name\": \"CategoricalDistribution\", \"attributes\": {\"choices\": [16, 32]}}"}
{"op_code":5,"worker_id":"7491227d-42b1-4412-8f01-9a738e644a12-140247784907392","trial_id":3,"param_name":"num_filters","param_value_internal":34.0,"distribution":"{\"name\": \"IntDistribution\", \"attributes\": {\"log\": false, \"step\": 1, \"low\": 16, \"high\": 64}}"}
{"op_code":5,"worker_id":"7065e1f2-cb3b-4fe0-89ea-1284b834fc1d-140247784907392","trial_id":0,"param_name":"window_size","param_value_internal":31.0,"distribution":"{\"name\": \"IntDistribution\", \"attributes\": {\"log\": false, \"step\": 1, \"low\": 30, \"high\": 60}}"}
{"op_code":5,"worker_id":"da5c93ca-b0e5-4188-8b79-f24c492bf69b-140247784907392","trial_id":1,"param_name":"num_filters","param_value_internal":34.0,"distribution":"{\"name\": \"IntDistribution\", \"attributes\": {\"log\": false, \"step\": 1, \"low\": 16, \"high\": 64}}"}
{"op_code":5,"worker_id":"7491227d-42b1-4412-8f01-9a738e644a12-140247784907392","trial_id":3,"param_name":"kernel_size","param_value_internal":7.0,"distribution":"{\"name\": \"IntDistribution\", \"attributes\": {\"log\": false, \"step\": 1, \"low\": 3, \"high\": 7}}"}
{"op_code":5,"worker_id":"da5c93ca-b0e5-4188-8b79-f24c492bf69b-140247784907392","trial_id":1,"param_name":"kernel_size","param_value_internal":7.0,"distribution":"{\"name\": \"IntDistribution\", \"attributes\": {\"log\": false, \"step\": 1, \"low\": 3, \"high\": 7}}"}
{"op_code":5,"worker_id":"5aa8a841-7864-4ecc-9e90-d22414bbf41c-140247784907392","trial_id":2,"param_name":"dropout","param_value_internal":0.39279757672456206,"distribution":"{\"name\": \"FloatDistribution\", \"attributes\": {\"step\": null, \"low\": 0.1, \"high\": 0.5, \"log\": false}}"}
{"op_code":5,"worker_id":"da5c93ca-b0e5-4188-8b79-f24c492bf69b-140247784907392","trial_id":1,"param_name":"dropout","param_value_internal":0.39279757672456206,"distribution":"{\"name\": \"FloatDistribution\", \"attributes\": {\"step\": null, \"low\": 0.1, \"high\": 0.5, \"log\": false}}"}
{"op_code":5,"worker_id":"5aa8a841-7864-4ecc-9e90-d22414bbf41c-140247784907392","trial_id":2,"param_name":"learning_rate","param_value_internal":0.0006251373574521745,"distribution":"{\"name\": \"FloatDistribution\", \"attributes\": {\"step\": null, \"low\": 1e-05, \"high\": 0.01, \"log\": true}}"}
{"op_code":5,"worker_id":"7491227d-42b1-4412-8f01-9a738e644a12-140247784907392","trial_id":3,"param_name":"dropout","param_value_internal":0.39279757672456206,"distribution":"{\"name\": \"FloatDistribution\", \"attributes\": {\"step\": null, \"low\": 0.1, \"high\": 0.5, \"log\": false}}"}
{"op_code":5,"worker_id":"5aa8a841-7864-4ecc-9e90-d22414bbf41c-140247784907392","trial_id":2,"param_name":"batch_size","param_value_internal":0,"distribution":"{\"name\": \"CategoricalDistribution\", \"attributes\": {\"choices\": [16, 32]}}"}
{"op_code":5,"worker_id":"7491227d-42b1-4412-8f01-9a738e644a12-140247784907392","trial_id":3,"param_name":"learning_rate","param_value_internal":0.0006251373574521745,"distribution":"{\"name\": \"FloatDistribution\", \"attributes\": {\"step\": null, \"low\": 1e-05, \"high\": 0.01, \"log\": true}}"}
{"op_code":5,"worker_id":"7491227d-42b1-4412-8f01-9a738e644a12-140247784907392","trial_id":3,"param_name":"batch_size","param_value_internal":0,"distribution":"{\"name\": \"CategoricalDistribution\", \"attributes\": {\"choices\": [16, 32]}}"}
{"op_code":5,"worker_id":"7491227d-42b1-4412-8f01-9a738e644a12-140247784907392","trial_id":3,"param_name":"window_size","param_value_internal":31.0,"distribution":"{\"name\": \"IntDistribution\", \"attributes\": {\"log\": false, \"step\": 1, \"low\": 30, \"high\": 60}}"}
{"op_code":5,"worker_id":"da5c93ca-b0e5-4188-8b79-f24c492bf69b-140247784907392","trial_id":1,"param_name":"learning_rate","param_value_internal":0.0006251373574521745,"distribution":"{\"name\": \"FloatDistribution\", \"attributes\": {\"step\": null, \"low\": 1e-05, \"high\": 0.01, \"log\": true}}"}
{"op_code":5,"worker_id":"da5c93ca-b0e5-4188-8b79-f24c492bf69b-140247784907392","trial_id":1,"param_name":"batch_size","param_value_internal":0,"distribution":"{\"name\": \"CategoricalDistribution\", \"attributes\": {\"choices\": [16, 32]}}"}
{"op_code":5,"worker_id":"da5c93ca-b0e5-4188-8b79-f24c492bf69b-140247784907392","trial_id":1,"param_name":"window_size","param_value_internal":31.0,"distribution":"{\"name\": \"IntDistribution\", \"attributes\": {\"log\": false, \"step\": 1, \"low\": 30, \"high\": 60}}"}
{"op_code":5,"worker_id":"5aa8a841-7864-4ecc-9e90-d22414bbf41c-140247784907392","trial_id":2,"param_name":"window_size","param_value_internal":31.0,"distribution":"{\"name\": \"IntDistribution\", \"attributes\": {\"log\": false, \"step\": 1, \"low\": 30, \"high\": 60}}"}
{"op_code":6,"worker_id":"7065e1f2-cb3b-4fe0-89ea-1284b834fc1d-140247784907392","trial_id":0,"state":3,"values":null,"datetime_complete":"2025-10-16T16:33:29.176831"}
{"op_code":6,"worker_id":"7491227d-42b1-4412-8f01-9a738e644a12-140247784907392","trial_id":3,"state":3,"values":null,"datetime_complete":"2025-10-16T16:33:29.189212"}
{"op_code":6,"worker_id":"5aa8a841-7864-4ecc-9e90-d22414bbf41c-140247784907392","trial_id":2,"state":3,"values":null,"datetime_complete":"2025-10-16T16:33:29.226649"}
{"op_code":6,"worker_id":"da5c93ca-b0e5-4188-8b79-f24c492bf69b-140247784907392","trial_id":1,"state":3,"values":null,"datetime_complete":"2025-10-16T16:33:29.237616"}
{"op_code":0,"worker_id":"0ecbf945-02f1-4feb-b1da-49a135b3e9fe-140247784907392","study_name":"otama_shoreline_optimization","directions":[1]}
{"op_code":0,"worker_id":"f4e88a1b-c376-435e-82df-ccb39076286a-140247784907392","study_name":"otama_shoreline_optimization","directions":[1]}
{"op_code":0,"worker_id":"61592021-2438-4445-b011-678cb8279165-140247784907392","study_name":"otama_shoreline_optimization","directions":[1]}
{"op_code":4,"worker_id":"0ecbf945-02f1-4feb-b1da-49a135b3e9fe-140247784907392","study_id":0,"datetime_start":"2025-10-16T16:42:11.647391"}
{"op_code":0,"worker_id":"8dc45647-704a-4ed2-9f35-ddbf94536a55-140247784907392","study_name":"otama_shoreline_optimization","directions":[1]}
{"op_code":4,"worker_id":"f4e88a1b-c376-435e-82df-ccb39076286a-140247784907392","study_id":0,"datetime_start":"2025-10-16T16:42:11.652559"}
{"op_code":4,"worker_id":"61592021-2438-4445-b011-678cb8279165-140247784907392","study_id":0,"datetime_start":"2025-10-16T16:42:11.657005"}
{"op_code":5,"worker_id":"0ecbf945-02f1-4feb-b1da-49a135b3e9fe-140247784907392","trial_id":4,"param_name":"num_filters","param_value_internal":34.0,"distribution":"{\"name\": \"IntDistribution\", \"attributes\": {\"log\": false, \"step\": 1, \"low\": 16, \"high\": 64}}"}
{"op_code":4,"worker_id":"8dc45647-704a-4ed2-9f35-ddbf94536a55-140247784907392","study_id":0,"datetime_start":"2025-10-16T16:42:11.663470"}
{"op_code":5,"worker_id":"f4e88a1b-c376-435e-82df-ccb39076286a-140247784907392","trial_id":5,"param_name":"num_filters","param_value_internal":34.0,"distribution":"{\"name\": \"IntDistribution\", \"attributes\": {\"log\": false, \"step\": 1, \"low\": 16, \"high\": 64}}"}
{"op_code":5,"worker_id":"f4e88a1b-c376-435e-82df-ccb39076286a-140247784907392","trial_id":5,"param_name":"kernel_size","param_value_internal":7.0,"distribution":"{\"name\": \"IntDistribution\", \"attributes\": {\"log\": false, \"step\": 1, \"low\": 3, \"high\": 7}}"}
{"op_code":5,"worker_id":"61592021-2438-4445-b011-678cb8279165-140247784907392","trial_id":6,"param_name":"num_filters","param_value_internal":34.0,"distribution":"{\"name\": \"IntDistribution\", \"attributes\": {\"log\": false, \"step\": 1, \"low\": 16, \"high\": 64}}"}
{"op_code":5,"worker_id":"61592021-2438-4445-b011-678cb8279165-140247784907392","trial_id":6,"param_name":"kernel_size","param_value_internal":7.0,"distribution":"{\"name\": \"IntDistribution\", \"attributes\": {\"log\": false, \"step\": 1, \"low\": 3, \"high\": 7}}"}
{"op_code":5,"worker_id":"8dc45647-704a-4ed2-9f35-ddbf94536a55-140247784907392","trial_id":7,"param_name":"num_filters","param_value_internal":34.0,"distribution":"{\"name\": \"IntDistribution\", \"attributes\": {\"log\": false, \"step\": 1, \"low\": 16, \"high\": 64}}"}
{"op_code":5,"worker_id":"f4e88a1b-c376-435e-82df-ccb39076286a-140247784907392","trial_id":5,"param_name":"dropout","param_value_internal":0.39279757672456206,"distribution":"{\"name\": \"FloatDistribution\", \"attributes\": {\"step\": null, \"low\": 0.1, \"high\": 0.5, \"log\": false}}"}
{"op_code":5,"worker_id":"8dc45647-704a-4ed2-9f35-ddbf94536a55-140247784907392","trial_id":7,"param_name":"kernel_size","param_value_internal":7.0,"distribution":"{\"name\": \"IntDistribution\", \"attributes\": {\"log\": false, \"step\": 1, \"low\": 3, \"high\": 7}}"}
{"op_code":5,"worker_id":"f4e88a1b-c376-435e-82df-ccb39076286a-140247784907392","trial_id":5,"param_name":"learning_rate","param_value_internal":0.0006251373574521745,"distribution":"{\"name\": \"FloatDistribution\", \"attributes\": {\"step\": null, \"low\": 1e-05, \"high\": 0.01, \"log\": true}}"}
{"op_code":5,"worker_id":"61592021-2438-4445-b011-678cb8279165-140247784907392","trial_id":6,"param_name":"dropout","param_value_internal":0.39279757672456206,"distribution":"{\"name\": \"FloatDistribution\", \"attributes\": {\"step\": null, \"low\": 0.1, \"high\": 0.5, \"log\": false}}"}
{"op_code":5,"worker_id":"8dc45647-704a-4ed2-9f35-ddbf94536a55-140247784907392","trial_id":7,"param_name":"dropout","param_value_internal":0.39279757672456206,"distribution":"{\"name\": \"FloatDistribution\", \"attributes\": {\"step\": null, \"low\": 0.1, \"high\": 0.5, \"log\": false}}"}
{"op_code":5,"worker_id":"61592021-2438-4445-b011-678cb8279165-140247784907392","trial_id":6,"param_name":"learning_rate","param_value_internal":0.0006251373574521745,"distribution":"{\"name\": \"FloatDistribution\", \"attributes\": {\"step\": null, \"low\": 1e-05, \"high\": 0.01, \"log\": true}}"}
{"op_code":5,"worker_id":"8dc45647-704a-4ed2-9f35-ddbf94536a55-140247784907392","trial_id":7,"param_name":"learning_rate","param_value_internal":0.0006251373574521745,"distribution":"{\"name\": \"FloatDistribution\", \"attributes\": {\"step\": null, \"low\": 1e-05, \"high\": 0.01, \"log\": true}}"}
{"op_code":5,"worker_id":"61592021-2438-4445-b011-678cb8279165-140247784907392","trial_id":6,"param_name":"batch_size","param_value_internal":0,"distribution":"{\"name\": \"CategoricalDistribution\", \"attributes\": {\"choices\": [16, 32]}}"}
{"op_code":5,"worker_id":"8dc45647-704a-4ed2-9f35-ddbf94536a55-140247784907392","trial_id":7,"param_name":"batch_size","param_value_internal":0,"distribution":"{\"name\": \"CategoricalDistribution\", \"attributes\": {\"choices\": [16, 32]}}"}
{"op_code":5,"worker_id":"61592021-2438-4445-b011-678cb8279165-140247784907392","trial_id":6,"param_name":"window_size","param_value_internal":31.0,"distribution":"{\"name\": \"IntDistribution\", \"attributes\": {\"log\": false, \"step\": 1, \"low\": 30, \"high\": 60}}"}
{"op_code":5,"worker_id":"8dc45647-704a-4ed2-9f35-ddbf94536a55-140247784907392","trial_id":7,"param_name":"window_size","param_value_internal":31.0,"distribution":"{\"name\": \"IntDistribution\", \"attributes\": {\"log\": false, \"step\": 1, \"low\": 30, \"high\": 60}}"}
{"op_code":5,"worker_id":"f4e88a1b-c376-435e-82df-ccb39076286a-140247784907392","trial_id":5,"param_name":"batch_size","param_value_internal":0,"distribution":"{\"name\": \"CategoricalDistribution\", \"attributes\": {\"choices\": [16, 32]}}"}
{"op_code":5,"worker_id":"f4e88a1b-c376-435e-82df-ccb39076286a-140247784907392","trial_id":5,"param_name":"window_size","param_value_internal":31.0,"distribution":"{\"name\": \"IntDistribution\", \"attributes\": {\"log\": false, \"step\": 1, \"low\": 30, \"high\": 60}}"}
{"op_code":5,"worker_id":"0ecbf945-02f1-4feb-b1da-49a135b3e9fe-140247784907392","trial_id":4,"param_name":"kernel_size","param_value_internal":7.0,"distribution":"{\"name\": \"IntDistribution\", \"attributes\": {\"log\": false, \"step\": 1, \"low\": 3, \"high\": 7}}"}
{"op_code":5,"worker_id":"0ecbf945-02f1-4feb-b1da-49a135b3e9fe-140247784907392","trial_id":4,"param_name":"dropout","param_value_internal":0.39279757672456206,"distribution":"{\"name\": \"FloatDistribution\", \"attributes\": {\"step\": null, \"low\": 0.1, \"high\": 0.5, \"log\": false}}"}
{"op_code":5,"worker_id":"0ecbf945-02f1-4feb-b1da-49a135b3e9fe-140247784907392","trial_id":4,"param_name":"learning_rate","param_value_internal":0.0006251373574521745,"distribution":"{\"name\": \"FloatDistribution\", \"attributes\": {\"step\": null, \"low\": 1e-05, \"high\": 0.01, \"log\": true}}"}
{"op_code":5,"worker_id":"0ecbf945-02f1-4feb-b1da-49a135b3e9fe-140247784907392","trial_id":4,"param_name":"batch_size","param_value_internal":0,"distribution":"{\"name\": \"CategoricalDistribution\", \"attributes\": {\"choices\": [16, 32]}}"}
{"op_code":5,"worker_id":"0ecbf945-02f1-4feb-b1da-49a135b3e9fe-140247784907392","trial_id":4,"param_name":"window_size","param_value_internal":31.0,"distribution":"{\"name\": \"IntDistribution\", \"attributes\": {\"log\": false, \"step\": 1, \"low\": 30, \"high\": 60}}"}
{"op_code":6,"worker_id":"0ecbf945-02f1-4feb-b1da-49a135b3e9fe-140247784907392","trial_id":4,"state":3,"values":null,"datetime_complete":"2025-10-16T16:42:12.420029"}
{"op_code":6,"worker_id":"f4e88a1b-c376-435e-82df-ccb39076286a-140247784907392","trial_id":5,"state":3,"values":null,"datetime_complete":"2025-10-16T16:42:12.422147"}
{"op_code":6,"worker_id":"8dc45647-704a-4ed2-9f35-ddbf94536a55-140247784907392","trial_id":7,"state":3,"values":null,"datetime_complete":"2025-10-16T16:42:12.420429"}
{"op_code":6,"worker_id":"61592021-2438-4445-b011-678cb8279165-140247784907392","trial_id":6,"state":3,"values":null,"datetime_complete":"2025-10-16T16:42:12.476392"}
{"op_code":0,"worker_id":"4804e847-ec1b-40a9-8ff0-b8f1159e0e1f-139772159890048","study_name":"otama_shoreline_optimization","directions":[1]}
{"op_code":0,"worker_id":"0d498699-8860-4e24-b1a9-c7119caee4b2-139772159890048","study_name":"otama_shoreline_optimization","directions":[1]}
{"op_code":4,"worker_id":"4804e847-ec1b-40a9-8ff0-b8f1159e0e1f-139772159890048","study_id":0,"datetime_start":"2025-10-16T16:42:42.143892"}
{"op_code":4,"worker_id":"0d498699-8860-4e24-b1a9-c7119caee4b2-139772159890048","study_id":0,"datetime_start":"2025-10-16T16:42:42.146292"}
{"op_code":0,"worker_id":"9f5a0b14-c956-46a8-b49e-50c47350a7d0-139772159890048","study_name":"otama_shoreline_optimization","directions":[1]}
{"op_code":5,"worker_id":"0d498699-8860-4e24-b1a9-c7119caee4b2-139772159890048","trial_id":9,"param_name":"num_filters","param_value_internal":34.0,"distribution":"{\"name\": \"IntDistribution\", \"attributes\": {\"log\": false, \"step\": 1, \"low\": 16, \"high\": 64}}"}
{"op_code":5,"worker_id":"0d498699-8860-4e24-b1a9-c7119caee4b2-139772159890048","trial_id":9,"param_name":"kernel_size","param_value_internal":7.0,"distribution":"{\"name\": \"IntDistribution\", \"attributes\": {\"log\": false, \"step\": 1, \"low\": 3, \"high\": 7}}"}
{"op_code":5,"worker_id":"0d498699-8860-4e24-b1a9-c7119caee4b2-139772159890048","trial_id":9,"param_name":"dropout","param_value_internal":0.39279757672456206,"distribution":"{\"name\": \"FloatDistribution\", \"attributes\": {\"step\": null, \"low\": 0.1, \"high\": 0.5, \"log\": false}}"}
{"op_code":5,"worker_id":"0d498699-8860-4e24-b1a9-c7119caee4b2-139772159890048","trial_id":9,"param_name":"learning_rate","param_value_internal":0.0006251373574521745,"distribution":"{\"name\": \"FloatDistribution\", \"attributes\": {\"step\": null, \"low\": 1e-05, \"high\": 0.01, \"log\": true}}"}
{"op_code":5,"worker_id":"0d498699-8860-4e24-b1a9-c7119caee4b2-139772159890048","trial_id":9,"param_name":"batch_size","param_value_internal":0,"distribution":"{\"name\": \"CategoricalDistribution\", \"attributes\": {\"choices\": [16, 32]}}"}
{"op_code":5,"worker_id":"0d498699-8860-4e24-b1a9-c7119caee4b2-139772159890048","trial_id":9,"param_name":"window_size","param_value_internal":31.0,"distribution":"{\"name\": \"IntDistribution\", \"attributes\": {\"log\": false, \"step\": 1, \"low\": 30, \"high\": 60}}"}
{"op_code":4,"worker_id":"9f5a0b14-c956-46a8-b49e-50c47350a7d0-139772159890048","study_id":0,"datetime_start":"2025-10-16T16:42:42.161545"}
{"op_code":5,"worker_id":"9f5a0b14-c956-46a8-b49e-50c47350a7d0-139772159890048","trial_id":10,"param_name":"num_filters","param_value_internal":34.0,"distribution":"{\"name\": \"IntDistribution\", \"attributes\": {\"log\": false, \"step\": 1, \"low\": 16, \"high\": 64}}"}
{"op_code":5,"worker_id":"9f5a0b14-c956-46a8-b49e-50c47350a7d0-139772159890048","trial_id":10,"param_name":"kernel_size","param_value_internal":7.0,"distribution":"{\"name\": \"IntDistribution\", \"attributes\": {\"log\": false, \"step\": 1, \"low\": 3, \"high\": 7}}"}
{"op_code":5,"worker_id":"9f5a0b14-c956-46a8-b49e-50c47350a7d0-139772159890048","trial_id":10,"param_name":"dropout","param_value_internal":0.39279757672456206,"distribution":"{\"name\": \"FloatDistribution\", \"attributes\": {\"step\": null, \"low\": 0.1, \"high\": 0.5, \"log\": false}}"}
{"op_code":5,"worker_id":"4804e847-ec1b-40a9-8ff0-b8f1159e0e1f-139772159890048","trial_id":8,"param_name":"num_filters","param_value_internal":34.0,"distribution":"{\"name\": \"IntDistribution\", \"attributes\": {\"log\": false, \"step\": 1, \"low\": 16, \"high\": 64}}"}
{"op_code":5,"worker_id":"9f5a0b14-c956-46a8-b49e-50c47350a7d0-139772159890048","trial_id":10,"param_name":"learning_rate","param_value_internal":0.0006251373574521745,"distribution":"{\"name\": \"FloatDistribution\", \"attributes\": {\"step\": null, \"low\": 1e-05, \"high\": 0.01, \"log\": true}}"}
{"op_code":5,"worker_id":"4804e847-ec1b-40a9-8ff0-b8f1159e0e1f-139772159890048","trial_id":8,"param_name":"kernel_size","param_value_internal":7.0,"distribution":"{\"name\": \"IntDistribution\", \"attributes\": {\"log\": false, \"step\": 1, \"low\": 3, \"high\": 7}}"}
{"op_code":5,"worker_id":"4804e847-ec1b-40a9-8ff0-b8f1159e0e1f-139772159890048","trial_id":8,"param_name":"dropout","param_value_internal":0.39279757672456206,"distribution":"{\"name\": \"FloatDistribution\", \"attributes\": {\"step\": null, \"low\": 0.1, \"high\": 0.5, \"log\": false}}"}
{"op_code":5,"worker_id":"4804e847-ec1b-40a9-8ff0-b8f1159e0e1f-139772159890048","trial_id":8,"param_name":"learning_rate","param_value_internal":0.0006251373574521745,"distribution":"{\"name\": \"FloatDistribution\", \"attributes\": {\"step\": null, \"low\": 1e-05, \"high\": 0.01, \"log\": true}}"}
{"op_code":5,"worker_id":"4804e847-ec1b-40a9-8ff0-b8f1159e0e1f-139772159890048","trial_id":8,"param_name":"batch_size","param_value_internal":0,"distribution":"{\"name\": \"CategoricalDistribution\", \"attributes\": {\"choices\": [16, 32]}}"}
{"op_code":5,"worker_id":"4804e847-ec1b-40a9-8ff0-b8f1159e0e1f-139772159890048","trial_id":8,"param_name":"window_size","param_value_internal":31.0,"distribution":"{\"name\": \"IntDistribution\", \"attributes\": {\"log\": false, \"step\": 1, \"low\": 30, \"high\": 60}}"}
{"op_code":5,"worker_id":"9f5a0b14-c956-46a8-b49e-50c47350a7d0-139772159890048","trial_id":10,"param_name":"batch_size","param_value_internal":0,"distribution":"{\"name\": \"CategoricalDistribution\", \"attributes\": {\"choices\": [16, 32]}}"}
{"op_code":5,"worker_id":"9f5a0b14-c956-46a8-b49e-50c47350a7d0-139772159890048","trial_id":10,"param_name":"window_size","param_value_internal":31.0,"distribution":"{\"name\": \"IntDistribution\", \"attributes\": {\"log\": false, \"step\": 1, \"low\": 30, \"high\": 60}}"}
{"op_code":0,"worker_id":"ca2f0d54-afce-4d98-8267-9f3aa137e07c-139772159890048","study_name":"otama_shoreline_optimization","directions":[1]}
{"op_code":4,"worker_id":"ca2f0d54-afce-4d98-8267-9f3aa137e07c-139772159890048","study_id":0,"datetime_start":"2025-10-16T16:42:42.227385"}
{"op_code":5,"worker_id":"ca2f0d54-afce-4d98-8267-9f3aa137e07c-139772159890048","trial_id":11,"param_name":"num_filters","param_value_internal":34.0,"distribution":"{\"name\": \"IntDistribution\", \"attributes\": {\"log\": false, \"step\": 1, \"low\": 16, \"high\": 64}}"}
{"op_code":5,"worker_id":"ca2f0d54-afce-4d98-8267-9f3aa137e07c-139772159890048","trial_id":11,"param_name":"kernel_size","param_value_internal":7.0,"distribution":"{\"name\": \"IntDistribution\", \"attributes\": {\"log\": false, \"step\": 1, \"low\": 3, \"high\": 7}}"}
{"op_code":5,"worker_id":"ca2f0d54-afce-4d98-8267-9f3aa137e07c-139772159890048","trial_id":11,"param_name":"dropout","param_value_internal":0.39279757672456206,"distribution":"{\"name\": \"FloatDistribution\", \"attributes\": {\"step\": null, \"low\": 0.1, \"high\": 0.5, \"log\": false}}"}
{"op_code":5,"worker_id":"ca2f0d54-afce-4d98-8267-9f3aa137e07c-139772159890048","trial_id":11,"param_name":"learning_rate","param_value_internal":0.0006251373574521745,"distribution":"{\"name\": \"FloatDistribution\", \"attributes\": {\"step\": null, \"low\": 1e-05, \"high\": 0.01, \"log\": true}}"}
{"op_code":5,"worker_id":"ca2f0d54-afce-4d98-8267-9f3aa137e07c-139772159890048","trial_id":11,"param_name":"batch_size","param_value_internal":0,"distribution":"{\"name\": \"CategoricalDistribution\", \"attributes\": {\"choices\": [16, 32]}}"}
{"op_code":5,"worker_id":"ca2f0d54-afce-4d98-8267-9f3aa137e07c-139772159890048","trial_id":11,"param_name":"window_size","param_value_internal":31.0,"distribution":"{\"name\": \"IntDistribution\", \"attributes\": {\"log\": false, \"step\": 1, \"low\": 30, \"high\": 60}}"}
{"op_code":6,"worker_id":"0d498699-8860-4e24-b1a9-c7119caee4b2-139772159890048","trial_id":9,"state":3,"values":null,"datetime_complete":"2025-10-16T16:42:42.656688"}
{"op_code":6,"worker_id":"4804e847-ec1b-40a9-8ff0-b8f1159e0e1f-139772159890048","trial_id":8,"state":3,"values":null,"datetime_complete":"2025-10-16T16:42:42.680433"}
{"op_code":6,"worker_id":"ca2f0d54-afce-4d98-8267-9f3aa137e07c-139772159890048","trial_id":11,"state":3,"values":null,"datetime_complete":"2025-10-16T16:42:42.762924"}
{"op_code":6,"worker_id":"9f5a0b14-c956-46a8-b49e-50c47350a7d0-139772159890048","trial_id":10,"state":3,"values":null,"datetime_complete":"2025-10-16T16:42:42.863427"}
